[01m[K/home/banafshe/catkin_ws/src/my_test_package/src/my_first_subscriber.cpp:4:19:[m[K [01;31m[Kerror: [m[Kvariable or field â€˜[01m[Kcallback_cpp[m[Kâ€™ declared void
    4 | void callback_cpp([01;31m[Kcont[m[K std_msgs::String& msg)
      |                   [01;31m[K^~~~[m[K
[01m[K/home/banafshe/catkin_ws/src/my_test_package/src/my_first_subscriber.cpp:4:19:[m[K [01;31m[Kerror: [m[Kâ€˜[01m[Kcont[m[Kâ€™ was not declared in this scope
[01m[K/home/banafshe/catkin_ws/src/my_test_package/src/my_first_subscriber.cpp:[m[K In function â€˜[01m[Kint main(int, char**)[m[Kâ€™:
[01m[K/home/banafshe/catkin_ws/src/my_test_package/src/my_first_subscriber.cpp:14:58:[m[K [01;31m[Kerror: [m[Kâ€˜[01m[Kcallback_cpp[m[Kâ€™ was not declared in this scope
   14 |     ros::Subscriber sub = nh.subscribe("/talker2", 1000, [01;31m[Kcallback_cpp[m[K);
      |                                                          [01;31m[K^~~~~~~~~~~~[m[K
make[2]: *** [CMakeFiles/my_subscriber_cpp.dir/build.make:63: CMakeFiles/my_subscriber_cpp.dir/src/my_first_subscriber.cpp.o] Error 1
make[1]: *** [CMakeFiles/Makefile2:564: CMakeFiles/my_subscriber_cpp.dir/all] Error 2
make: *** [Makefile:141: all] Error 2
