[01m[K/home/banafshe/catkin_ws/src/my_test_package/src/kimera_subscriber.cpp:[m[K In function â€˜[01m[Kint main(int, char**)[m[Kâ€™:
[01m[K/home/banafshe/catkin_ws/src/my_test_package/src/kimera_subscriber.cpp:14:5:[m[K [01;31m[Kerror: [m[Kâ€˜[01m[Kcout[m[Kâ€™ was not declared in this scope; did you mean â€˜[01m[Kstd::cout[m[Kâ€™?
   14 |     [01;31m[Kcout[m[K << "\n --- Je suis encore ici. ---\n" << endl;
      |     [01;31m[K^~~~[m[K
      |     [32m[Kstd::cout[m[K
In file included from [01m[K/opt/ros/noetic/include/ros/time.h:54[m[K,
                 from [01m[K/opt/ros/noetic/include/ros/ros.h:38[m[K,
                 from [01m[K/home/banafshe/catkin_ws/src/my_test_package/src/kimera_subscriber.cpp:1[m[K:
[01m[K/usr/include/c++/9/iostream:61:18:[m[K [01;36m[Knote: [m[Kâ€˜[01m[Kstd::cout[m[Kâ€™ declared here
   61 |   extern ostream [01;36m[Kcout[m[K;  /// Linked to standard output
      |                  [01;36m[K^~~~[m[K
[01m[K/home/banafshe/catkin_ws/src/my_test_package/src/kimera_subscriber.cpp:14:51:[m[K [01;31m[Kerror: [m[Kâ€˜[01m[Kendl[m[Kâ€™ was not declared in this scope; did you mean â€˜[01m[Kstd::endl[m[Kâ€™?
   14 |     cout << "\n --- Je suis encore ici. ---\n" << [01;31m[Kendl[m[K;
      |                                                   [01;31m[K^~~~[m[K
      |                                                   [32m[Kstd::endl[m[K
In file included from [01m[K/usr/include/c++/9/iostream:39[m[K,
                 from [01m[K/opt/ros/noetic/include/ros/time.h:54[m[K,
                 from [01m[K/opt/ros/noetic/include/ros/ros.h:38[m[K,
                 from [01m[K/home/banafshe/catkin_ws/src/my_test_package/src/kimera_subscriber.cpp:1[m[K:
[01m[K/usr/include/c++/9/ostream:599:5:[m[K [01;36m[Knote: [m[Kâ€˜[01m[Kstd::endl[m[Kâ€™ declared here
  599 |     [01;36m[Kendl[m[K(basic_ostream<_CharT, _Traits>& __os)
      |     [01;36m[K^~~~[m[K
make[2]: *** [CMakeFiles/my_imu_bias_subscriber.dir/build.make:63: CMakeFiles/my_imu_bias_subscriber.dir/src/kimera_subscriber.cpp.o] Error 1
make[1]: *** [CMakeFiles/Makefile2:209: CMakeFiles/my_imu_bias_subscriber.dir/all] Error 2
make: *** [Makefile:141: all] Error 2
